file /home/user/jharvey/installs2015_zmq/git_forks/OpenMAMA-omnm/src/SConscript,line 37:
	Configure(confdir = .sconf_temp)
scons: Configure: Checking for C header file mamainternal.h... 
scons: Configure: ".sconf_temp/conftest_0.c" is up to date.
scons: Configure: The original builder output was:
  |.sconf_temp/conftest_0.c <-
  |  |
  |  |#include "mamainternal.h"
  |  |
  |  |
  |
scons: Configure: ".sconf_temp/conftest_0.o" is up to date.
scons: Configure: The original builder output was:
  |gcc -o .sconf_temp/conftest_0.o -c -g -O2 -Werror -Wno-unused-function -Wall -Iobjects/src -Isrc/src -I/home/user/jharvey/installs2015_zmq/work/OpenMAMA/mama/c_cpp/src/c -I/home/user/jharvey/installs2015_zmq/openmama/include -I/home/user/jharvey/installs2015_zmq/gtest/include .sconf_temp/conftest_0.c
  |
scons: Configure: (cached) yes

scons: Configure: Checking for C++ header file gtest/gtest.h... 
scons: Configure: ".sconf_temp/conftest_1.cpp" is up to date.
scons: Configure: The original builder output was:
  |.sconf_temp/conftest_1.cpp <-
  |  |
  |  |#include "gtest/gtest.h"
  |  |
  |  |
  |
scons: Configure: ".sconf_temp/conftest_1.o" is up to date.
scons: Configure: The original builder output was:
  |g++ -o .sconf_temp/conftest_1.o -c -g -O2 -Werror -Wno-unused-function -Wall -Iobjects/src -Isrc/src -I/home/user/jharvey/installs2015_zmq/work/OpenMAMA/mama/c_cpp/src/c -I/home/user/jharvey/installs2015_zmq/openmama/include -I/home/user/jharvey/installs2015_zmq/gtest/include .sconf_temp/conftest_1.cpp
  |
scons: Configure: (cached) yes

scons: Configure: Checking for C library mama... 
scons: Configure: ".sconf_temp/conftest_2.c" is up to date.
scons: Configure: The original builder output was:
  |.sconf_temp/conftest_2.c <-
  |  |
  |  |
  |  |
  |  |int
  |  |main() {
  |  |  
  |  |return 0;
  |  |}
  |  |
  |
scons: Configure: ".sconf_temp/conftest_2.o" is up to date.
scons: Configure: The original builder output was:
  |gcc -o .sconf_temp/conftest_2.o -c -g -O2 -Werror -Wno-unused-function -Wall -Iobjects/src -Isrc/src -I/home/user/jharvey/installs2015_zmq/work/OpenMAMA/mama/c_cpp/src/c -I/home/user/jharvey/installs2015_zmq/openmama/include -I/home/user/jharvey/installs2015_zmq/gtest/include .sconf_temp/conftest_2.c
  |
scons: Configure: ".sconf_temp/conftest_2" is up to date.
scons: Configure: The original builder output was:
  |gcc -o .sconf_temp/conftest_2 .sconf_temp/conftest_2.o -L/home/user/jharvey/installs2015_zmq/openmama/lib -L/home/user/jharvey/installs2015_zmq/gtest/lib -Lobjects -Lsrc -lmama -lwombatcommon -lmama
  |
scons: Configure: (cached) yes

